Determining if the pthread_create exist failed with the following output:
Change Dir: /home/nvidia/catkin_ws/src/Stereo_UW_SLAM/Examples/ROS/Stereo_UW_SLAM-build/CMakeFiles/CMakeTmp

Run Build Command:"/usr/bin/make" "cmTC_f4200/fast"
/usr/bin/make -f CMakeFiles/cmTC_f4200.dir/build.make CMakeFiles/cmTC_f4200.dir/build
make[1]: Entering directory '/home/nvidia/catkin_ws/src/Stereo_UW_SLAM/Examples/ROS/Stereo_UW_SLAM-build/CMakeFiles/CMakeTmp'
Building C object CMakeFiles/cmTC_f4200.dir/CheckSymbolExists.c.o
/usr/bin/cc     -o CMakeFiles/cmTC_f4200.dir/CheckSymbolExists.c.o   -c /home/nvidia/catkin_ws/src/Stereo_UW_SLAM/Examples/ROS/Stereo_UW_SLAM-build/CMakeFiles/CMakeTmp/CheckSymbolExists.c
Linking C executable cmTC_f4200
/usr/bin/cmake -E cmake_link_script CMakeFiles/cmTC_f4200.dir/link.txt --verbose=1
/usr/bin/cc       CMakeFiles/cmTC_f4200.dir/CheckSymbolExists.c.o  -o cmTC_f4200 -rdynamic 
CMakeFiles/cmTC_f4200.dir/CheckSymbolExists.c.o: In function `main':
CheckSymbolExists.c:(.text+0x14): undefined reference to `pthread_create'
CheckSymbolExists.c:(.text+0x18): undefined reference to `pthread_create'
collect2: error: ld returned 1 exit status
CMakeFiles/cmTC_f4200.dir/build.make:97: recipe for target 'cmTC_f4200' failed
make[1]: *** [cmTC_f4200] Error 1
make[1]: Leaving directory '/home/nvidia/catkin_ws/src/Stereo_UW_SLAM/Examples/ROS/Stereo_UW_SLAM-build/CMakeFiles/CMakeTmp'
Makefile:126: recipe for target 'cmTC_f4200/fast' failed
make: *** [cmTC_f4200/fast] Error 2

File /home/nvidia/catkin_ws/src/Stereo_UW_SLAM/Examples/ROS/Stereo_UW_SLAM-build/CMakeFiles/CMakeTmp/CheckSymbolExists.c:
/* */
#include <pthread.h>

int main(int argc, char** argv)
{
  (void)argv;
#ifndef pthread_create
  return ((int*)(&pthread_create))[argc];
#else
  (void)argc;
  return 0;
#endif
}

Determining if the function pthread_create exists in the pthreads failed with the following output:
Change Dir: /home/nvidia/catkin_ws/src/Stereo_UW_SLAM/Examples/ROS/Stereo_UW_SLAM-build/CMakeFiles/CMakeTmp

Run Build Command:"/usr/bin/make" "cmTC_57200/fast"
/usr/bin/make -f CMakeFiles/cmTC_57200.dir/build.make CMakeFiles/cmTC_57200.dir/build
make[1]: Entering directory '/home/nvidia/catkin_ws/src/Stereo_UW_SLAM/Examples/ROS/Stereo_UW_SLAM-build/CMakeFiles/CMakeTmp'
Building C object CMakeFiles/cmTC_57200.dir/CheckFunctionExists.c.o
/usr/bin/cc    -DCHECK_FUNCTION_EXISTS=pthread_create   -o CMakeFiles/cmTC_57200.dir/CheckFunctionExists.c.o   -c /usr/share/cmake-3.5/Modules/CheckFunctionExists.c
Linking C executable cmTC_57200
/usr/bin/cmake -E cmake_link_script CMakeFiles/cmTC_57200.dir/link.txt --verbose=1
/usr/bin/cc   -DCHECK_FUNCTION_EXISTS=pthread_create    CMakeFiles/cmTC_57200.dir/CheckFunctionExists.c.o  -o cmTC_57200 -rdynamic -lpthreads 
/usr/bin/ld: cannot find -lpthreads
collect2: error: ld returned 1 exit status
CMakeFiles/cmTC_57200.dir/build.make:97: recipe for target 'cmTC_57200' failed
make[1]: *** [cmTC_57200] Error 1
make[1]: Leaving directory '/home/nvidia/catkin_ws/src/Stereo_UW_SLAM/Examples/ROS/Stereo_UW_SLAM-build/CMakeFiles/CMakeTmp'
Makefile:126: recipe for target 'cmTC_57200/fast' failed
make: *** [cmTC_57200/fast] Error 2


